t1
1.54892
1.55087
1.54755
1.54477
1.55521
1.56055
1.55587
1.62439
2.2184
2.12028
t2
2.181
2.14095
2.16661
2.14256
2.16886
2.16904
2.20157
2.14685
2.15888
2.18376
t3
1.98232
1.94691
1.95277
1.94936
1.94613
1.94368
1.96599
1.95289
1.95905
1.95721
t4
2.01786
2.00916
2.03452
2.01813
2.02126
2.03097
2.03032
2.0241
2.02425
2.02819
t5
1.82069
1.81055
1.6797
1.81403
1.80423
1.8828
1.64863
1.80318
1.65856
1.73797
t6
1.3374
1.23997
1.3159
1.31068
1.29106
1.25343
1.32381
1.24791
1.33031
1.27783
t7
1.9638
1.92403
1.90518
1.88746
1.8949
1.92278
1.89174
1.90989
1.89995
1.89495
t8
2.51818
2.49455
2.52516
2.52485
2.51665
2.51344
2.52899
2.49866
2.5239
2.55712
t9
2.76529
2.77864
2.78397
2.75925
2.7839
2.79854
2.73844
2.77446
2.82401
2.77998
t10
2.79991
2.76151
2.77476
2.73997
2.78035
2.75851
2.81477
2.74669
2.79012
2.77443
